mode: atomic
github.com/llmite-ai/mirra/internal/config/config.go:32.41,52.16 2 18
github.com/llmite-ai/mirra/internal/config/config.go:52.16,54.17 2 8
github.com/llmite-ai/mirra/internal/config/config.go:54.17,56.4 1 1
github.com/llmite-ai/mirra/internal/config/config.go:58.3,58.51 1 7
github.com/llmite-ai/mirra/internal/config/config.go:58.51,60.4 1 1
github.com/llmite-ai/mirra/internal/config/config.go:64.2,64.49 1 16
github.com/llmite-ai/mirra/internal/config/config.go:64.49,65.47 1 4
github.com/llmite-ai/mirra/internal/config/config.go:65.47,67.4 1 3
github.com/llmite-ai/mirra/internal/config/config.go:70.2,70.68 1 16
github.com/llmite-ai/mirra/internal/config/config.go:70.68,72.3 1 3
github.com/llmite-ai/mirra/internal/config/config.go:74.2,74.77 1 16
github.com/llmite-ai/mirra/internal/config/config.go:74.77,76.3 1 1
github.com/llmite-ai/mirra/internal/config/config.go:78.2,78.80 1 16
github.com/llmite-ai/mirra/internal/config/config.go:78.80,79.27 1 3
github.com/llmite-ai/mirra/internal/config/config.go:79.27,81.4 1 0
github.com/llmite-ai/mirra/internal/config/config.go:82.3,82.66 1 3
github.com/llmite-ai/mirra/internal/config/config.go:85.2,85.80 1 16
github.com/llmite-ai/mirra/internal/config/config.go:85.80,86.27 1 1
github.com/llmite-ai/mirra/internal/config/config.go:86.27,88.4 1 0
github.com/llmite-ai/mirra/internal/config/config.go:89.3,89.66 1 1
github.com/llmite-ai/mirra/internal/config/config.go:92.2,92.80 1 16
github.com/llmite-ai/mirra/internal/config/config.go:92.80,93.27 1 1
github.com/llmite-ai/mirra/internal/config/config.go:93.27,95.4 1 0
github.com/llmite-ai/mirra/internal/config/config.go:96.3,96.66 1 1
github.com/llmite-ai/mirra/internal/config/config.go:99.2,99.17 1 16
github.com/llmite-ai/mirra/internal/proxy/proxy.go:25.61,33.2 1 42
github.com/llmite-ai/mirra/internal/proxy/proxy.go:35.54,37.88 1 44
github.com/llmite-ai/mirra/internal/proxy/proxy.go:37.88,39.3 1 3
github.com/llmite-ai/mirra/internal/proxy/proxy.go:41.2,41.24 1 41
github.com/llmite-ai/mirra/internal/proxy/proxy.go:41.24,43.3 1 25
github.com/llmite-ai/mirra/internal/proxy/proxy.go:45.2,49.44 1 16
github.com/llmite-ai/mirra/internal/proxy/proxy.go:49.44,51.3 1 11
github.com/llmite-ai/mirra/internal/proxy/proxy.go:52.2,52.11 1 5
github.com/llmite-ai/mirra/internal/proxy/proxy.go:57.37,63.17 2 81
github.com/llmite-ai/mirra/internal/proxy/proxy.go:63.17,67.48 1 19
github.com/llmite-ai/mirra/internal/proxy/proxy.go:67.48,69.4 1 8
github.com/llmite-ai/mirra/internal/proxy/proxy.go:70.3,70.15 1 11
github.com/llmite-ai/mirra/internal/proxy/proxy.go:76.2,76.111 1 62
github.com/llmite-ai/mirra/internal/proxy/proxy.go:76.111,78.3 1 14
github.com/llmite-ai/mirra/internal/proxy/proxy.go:81.2,81.38 1 48
github.com/llmite-ai/mirra/internal/proxy/proxy.go:81.38,83.3 1 10
github.com/llmite-ai/mirra/internal/proxy/proxy.go:86.2,86.47 1 38
github.com/llmite-ai/mirra/internal/proxy/proxy.go:86.47,88.3 1 5
github.com/llmite-ai/mirra/internal/proxy/proxy.go:92.2,92.40 1 33
github.com/llmite-ai/mirra/internal/proxy/proxy.go:92.40,94.3 1 7
github.com/llmite-ai/mirra/internal/proxy/proxy.go:98.2,98.44 1 26
github.com/llmite-ai/mirra/internal/proxy/proxy.go:98.44,100.3 1 5
github.com/llmite-ai/mirra/internal/proxy/proxy.go:103.2,103.40 1 21
github.com/llmite-ai/mirra/internal/proxy/proxy.go:103.40,105.3 1 4
github.com/llmite-ai/mirra/internal/proxy/proxy.go:107.2,107.14 1 17
github.com/llmite-ai/mirra/internal/proxy/proxy.go:110.64,114.20 3 0
github.com/llmite-ai/mirra/internal/proxy/proxy.go:114.20,123.3 3 0
github.com/llmite-ai/mirra/internal/proxy/proxy.go:125.2,126.9 2 0
github.com/llmite-ai/mirra/internal/proxy/proxy.go:126.9,129.3 2 0
github.com/llmite-ai/mirra/internal/proxy/proxy.go:132.2,133.16 2 0
github.com/llmite-ai/mirra/internal/proxy/proxy.go:133.16,136.3 2 0
github.com/llmite-ai/mirra/internal/proxy/proxy.go:137.2,142.24 4 0
github.com/llmite-ai/mirra/internal/proxy/proxy.go:142.24,145.62 2 0
github.com/llmite-ai/mirra/internal/proxy/proxy.go:145.62,147.4 1 0
github.com/llmite-ai/mirra/internal/proxy/proxy.go:147.9,149.4 1 0
github.com/llmite-ai/mirra/internal/proxy/proxy.go:153.2,154.26 2 0
github.com/llmite-ai/mirra/internal/proxy/proxy.go:154.26,156.3 1 0
github.com/llmite-ai/mirra/internal/proxy/proxy.go:158.2,159.16 2 0
github.com/llmite-ai/mirra/internal/proxy/proxy.go:159.16,162.3 2 0
github.com/llmite-ai/mirra/internal/proxy/proxy.go:165.2,165.36 1 0
github.com/llmite-ai/mirra/internal/proxy/proxy.go:165.36,166.32 1 0
github.com/llmite-ai/mirra/internal/proxy/proxy.go:166.32,168.4 1 0
github.com/llmite-ai/mirra/internal/proxy/proxy.go:172.2,173.16 2 0
github.com/llmite-ai/mirra/internal/proxy/proxy.go:173.16,177.3 3 0
github.com/llmite-ai/mirra/internal/proxy/proxy.go:178.2,181.39 2 0
github.com/llmite-ai/mirra/internal/proxy/proxy.go:181.39,182.32 1 0
github.com/llmite-ai/mirra/internal/proxy/proxy.go:182.32,184.4 1 0
github.com/llmite-ai/mirra/internal/proxy/proxy.go:187.2,197.17 6 0
github.com/llmite-ai/mirra/internal/proxy/proxy.go:197.17,199.3 1 0
github.com/llmite-ai/mirra/internal/proxy/proxy.go:199.8,201.3 1 0
github.com/llmite-ai/mirra/internal/proxy/proxy.go:203.2,208.32 4 0
github.com/llmite-ai/mirra/internal/proxy/proxy.go:208.32,210.3 1 0
github.com/llmite-ai/mirra/internal/proxy/proxy.go:210.8,210.39 1 0
github.com/llmite-ai/mirra/internal/proxy/proxy.go:210.39,212.3 1 0
github.com/llmite-ai/mirra/internal/proxy/proxy.go:214.2,222.24 2 0
github.com/llmite-ai/mirra/internal/proxy/proxy.go:225.95,229.43 3 0
github.com/llmite-ai/mirra/internal/proxy/proxy.go:229.43,232.3 2 0
github.com/llmite-ai/mirra/internal/proxy/proxy.go:234.2,234.19 1 0
github.com/llmite-ai/mirra/internal/proxy/proxy.go:234.19,237.68 2 0
github.com/llmite-ai/mirra/internal/proxy/proxy.go:237.68,238.39 1 0
github.com/llmite-ai/mirra/internal/proxy/proxy.go:238.39,239.60 1 0
github.com/llmite-ai/mirra/internal/proxy/proxy.go:239.60,241.11 2 0
github.com/llmite-ai/mirra/internal/proxy/proxy.go:247.3,248.64 2 0
github.com/llmite-ai/mirra/internal/proxy/proxy.go:248.64,250.4 1 0
github.com/llmite-ai/mirra/internal/proxy/proxy.go:250.9,250.23 1 0
github.com/llmite-ai/mirra/internal/proxy/proxy.go:250.23,253.4 1 0
github.com/llmite-ai/mirra/internal/proxy/proxy.go:253.9,255.4 1 0
github.com/llmite-ai/mirra/internal/proxy/proxy.go:259.97,261.9 2 0
github.com/llmite-ai/mirra/internal/proxy/proxy.go:261.9,265.3 3 0
github.com/llmite-ai/mirra/internal/proxy/proxy.go:267.2,271.21 4 0
github.com/llmite-ai/mirra/internal/proxy/proxy.go:271.21,277.42 4 0
github.com/llmite-ai/mirra/internal/proxy/proxy.go:277.42,279.9 2 0
github.com/llmite-ai/mirra/internal/proxy/proxy.go:281.3,281.50 1 0
github.com/llmite-ai/mirra/internal/proxy/proxy.go:281.50,283.9 2 0
github.com/llmite-ai/mirra/internal/proxy/proxy.go:285.3,285.18 1 0
github.com/llmite-ai/mirra/internal/proxy/proxy.go:288.2,288.38 1 0
github.com/llmite-ai/mirra/internal/proxy/proxy.go:288.38,290.3 1 0
github.com/llmite-ai/mirra/internal/proxy/proxy.go:292.2,292.27 1 0
github.com/llmite-ai/mirra/internal/proxy/proxy.go:292.27,295.3 1 0
