mode: set
github.com/llmite-ai/mirra/internal/config/config.go:32.41,52.16 2 1
github.com/llmite-ai/mirra/internal/config/config.go:52.16,54.17 2 1
github.com/llmite-ai/mirra/internal/config/config.go:54.17,56.4 1 1
github.com/llmite-ai/mirra/internal/config/config.go:58.3,58.51 1 1
github.com/llmite-ai/mirra/internal/config/config.go:58.51,60.4 1 1
github.com/llmite-ai/mirra/internal/config/config.go:64.2,64.49 1 1
github.com/llmite-ai/mirra/internal/config/config.go:64.49,65.47 1 1
github.com/llmite-ai/mirra/internal/config/config.go:65.47,67.4 1 1
github.com/llmite-ai/mirra/internal/config/config.go:70.2,70.68 1 1
github.com/llmite-ai/mirra/internal/config/config.go:70.68,72.3 1 1
github.com/llmite-ai/mirra/internal/config/config.go:74.2,74.77 1 1
github.com/llmite-ai/mirra/internal/config/config.go:74.77,76.3 1 1
github.com/llmite-ai/mirra/internal/config/config.go:78.2,78.80 1 1
github.com/llmite-ai/mirra/internal/config/config.go:78.80,79.27 1 1
github.com/llmite-ai/mirra/internal/config/config.go:79.27,81.4 1 0
github.com/llmite-ai/mirra/internal/config/config.go:82.3,82.66 1 1
github.com/llmite-ai/mirra/internal/config/config.go:85.2,85.80 1 1
github.com/llmite-ai/mirra/internal/config/config.go:85.80,86.27 1 1
github.com/llmite-ai/mirra/internal/config/config.go:86.27,88.4 1 0
github.com/llmite-ai/mirra/internal/config/config.go:89.3,89.66 1 1
github.com/llmite-ai/mirra/internal/config/config.go:92.2,92.80 1 1
github.com/llmite-ai/mirra/internal/config/config.go:92.80,93.27 1 1
github.com/llmite-ai/mirra/internal/config/config.go:93.27,95.4 1 0
github.com/llmite-ai/mirra/internal/config/config.go:96.3,96.66 1 1
github.com/llmite-ai/mirra/internal/config/config.go:99.2,99.17 1 1
github.com/llmite-ai/mirra/internal/proxy/proxy.go:25.61,33.2 1 1
github.com/llmite-ai/mirra/internal/proxy/proxy.go:35.54,37.88 1 1
github.com/llmite-ai/mirra/internal/proxy/proxy.go:37.88,39.3 1 1
github.com/llmite-ai/mirra/internal/proxy/proxy.go:41.2,41.24 1 1
github.com/llmite-ai/mirra/internal/proxy/proxy.go:41.24,43.3 1 1
github.com/llmite-ai/mirra/internal/proxy/proxy.go:45.2,49.44 1 1
github.com/llmite-ai/mirra/internal/proxy/proxy.go:49.44,51.3 1 1
github.com/llmite-ai/mirra/internal/proxy/proxy.go:52.2,52.11 1 1
github.com/llmite-ai/mirra/internal/proxy/proxy.go:57.37,63.17 2 1
github.com/llmite-ai/mirra/internal/proxy/proxy.go:63.17,67.48 1 1
github.com/llmite-ai/mirra/internal/proxy/proxy.go:67.48,69.4 1 1
github.com/llmite-ai/mirra/internal/proxy/proxy.go:70.3,70.15 1 1
github.com/llmite-ai/mirra/internal/proxy/proxy.go:76.2,76.111 1 1
github.com/llmite-ai/mirra/internal/proxy/proxy.go:76.111,78.3 1 1
github.com/llmite-ai/mirra/internal/proxy/proxy.go:81.2,81.38 1 1
github.com/llmite-ai/mirra/internal/proxy/proxy.go:81.38,83.3 1 1
github.com/llmite-ai/mirra/internal/proxy/proxy.go:86.2,86.47 1 1
github.com/llmite-ai/mirra/internal/proxy/proxy.go:86.47,88.3 1 1
github.com/llmite-ai/mirra/internal/proxy/proxy.go:92.2,92.40 1 1
github.com/llmite-ai/mirra/internal/proxy/proxy.go:92.40,94.3 1 1
github.com/llmite-ai/mirra/internal/proxy/proxy.go:98.2,98.44 1 1
github.com/llmite-ai/mirra/internal/proxy/proxy.go:98.44,100.3 1 1
github.com/llmite-ai/mirra/internal/proxy/proxy.go:103.2,103.40 1 1
github.com/llmite-ai/mirra/internal/proxy/proxy.go:103.40,105.3 1 1
github.com/llmite-ai/mirra/internal/proxy/proxy.go:107.2,107.14 1 1
github.com/llmite-ai/mirra/internal/proxy/proxy.go:110.64,116.26 4 0
github.com/llmite-ai/mirra/internal/proxy/proxy.go:116.26,118.3 1 0
github.com/llmite-ai/mirra/internal/proxy/proxy.go:121.2,125.15 3 0
github.com/llmite-ai/mirra/internal/proxy/proxy.go:125.15,131.33 4 0
github.com/llmite-ai/mirra/internal/proxy/proxy.go:131.33,133.4 1 0
github.com/llmite-ai/mirra/internal/proxy/proxy.go:133.9,133.40 1 0
github.com/llmite-ai/mirra/internal/proxy/proxy.go:133.40,135.4 1 0
github.com/llmite-ai/mirra/internal/proxy/proxy.go:137.3,144.22 2 0
github.com/llmite-ai/mirra/internal/proxy/proxy.go:144.22,146.4 1 0
github.com/llmite-ai/mirra/internal/proxy/proxy.go:148.3,151.25 2 0
github.com/llmite-ai/mirra/internal/proxy/proxy.go:155.2,156.16 2 0
github.com/llmite-ai/mirra/internal/proxy/proxy.go:156.16,161.3 4 0
github.com/llmite-ai/mirra/internal/proxy/proxy.go:162.2,162.15 1 0
github.com/llmite-ai/mirra/internal/proxy/proxy.go:162.15,164.3 1 0
github.com/llmite-ai/mirra/internal/proxy/proxy.go:167.2,167.24 1 0
github.com/llmite-ai/mirra/internal/proxy/proxy.go:167.24,170.62 2 0
github.com/llmite-ai/mirra/internal/proxy/proxy.go:170.62,172.4 1 0
github.com/llmite-ai/mirra/internal/proxy/proxy.go:172.9,174.4 1 0
github.com/llmite-ai/mirra/internal/proxy/proxy.go:178.2,178.20 1 0
github.com/llmite-ai/mirra/internal/proxy/proxy.go:178.20,190.3 5 0
github.com/llmite-ai/mirra/internal/proxy/proxy.go:192.2,193.9 2 0
github.com/llmite-ai/mirra/internal/proxy/proxy.go:193.9,198.3 4 0
github.com/llmite-ai/mirra/internal/proxy/proxy.go:201.2,202.26 2 0
github.com/llmite-ai/mirra/internal/proxy/proxy.go:202.26,204.3 1 0
github.com/llmite-ai/mirra/internal/proxy/proxy.go:206.2,207.16 2 0
github.com/llmite-ai/mirra/internal/proxy/proxy.go:207.16,212.3 4 0
github.com/llmite-ai/mirra/internal/proxy/proxy.go:215.2,215.36 1 0
github.com/llmite-ai/mirra/internal/proxy/proxy.go:215.36,216.32 1 0
github.com/llmite-ai/mirra/internal/proxy/proxy.go:216.32,218.4 1 0
github.com/llmite-ai/mirra/internal/proxy/proxy.go:222.2,223.16 2 0
github.com/llmite-ai/mirra/internal/proxy/proxy.go:223.16,229.3 5 0
github.com/llmite-ai/mirra/internal/proxy/proxy.go:230.2,230.15 1 0
github.com/llmite-ai/mirra/internal/proxy/proxy.go:230.15,232.3 1 0
github.com/llmite-ai/mirra/internal/proxy/proxy.go:235.2,235.39 1 0
github.com/llmite-ai/mirra/internal/proxy/proxy.go:235.39,236.32 1 0
github.com/llmite-ai/mirra/internal/proxy/proxy.go:236.32,238.4 1 0
github.com/llmite-ai/mirra/internal/proxy/proxy.go:241.2,251.17 6 0
github.com/llmite-ai/mirra/internal/proxy/proxy.go:251.17,253.3 1 0
github.com/llmite-ai/mirra/internal/proxy/proxy.go:253.8,255.3 1 0
github.com/llmite-ai/mirra/internal/proxy/proxy.go:258.95,262.43 3 0
github.com/llmite-ai/mirra/internal/proxy/proxy.go:262.43,265.3 2 0
github.com/llmite-ai/mirra/internal/proxy/proxy.go:267.2,267.19 1 0
github.com/llmite-ai/mirra/internal/proxy/proxy.go:267.19,270.68 2 0
github.com/llmite-ai/mirra/internal/proxy/proxy.go:270.68,271.39 1 0
github.com/llmite-ai/mirra/internal/proxy/proxy.go:271.39,272.60 1 0
github.com/llmite-ai/mirra/internal/proxy/proxy.go:272.60,274.11 2 0
github.com/llmite-ai/mirra/internal/proxy/proxy.go:280.3,281.64 2 0
github.com/llmite-ai/mirra/internal/proxy/proxy.go:281.64,283.4 1 0
github.com/llmite-ai/mirra/internal/proxy/proxy.go:283.9,283.23 1 0
github.com/llmite-ai/mirra/internal/proxy/proxy.go:283.23,286.4 1 0
github.com/llmite-ai/mirra/internal/proxy/proxy.go:286.9,288.4 1 0
github.com/llmite-ai/mirra/internal/proxy/proxy.go:292.97,294.9 2 0
github.com/llmite-ai/mirra/internal/proxy/proxy.go:294.9,298.3 3 0
github.com/llmite-ai/mirra/internal/proxy/proxy.go:300.2,304.21 4 0
github.com/llmite-ai/mirra/internal/proxy/proxy.go:304.21,310.42 4 0
github.com/llmite-ai/mirra/internal/proxy/proxy.go:310.42,312.9 2 0
github.com/llmite-ai/mirra/internal/proxy/proxy.go:314.3,314.50 1 0
github.com/llmite-ai/mirra/internal/proxy/proxy.go:314.50,316.9 2 0
github.com/llmite-ai/mirra/internal/proxy/proxy.go:318.3,318.18 1 0
github.com/llmite-ai/mirra/internal/proxy/proxy.go:321.2,321.38 1 0
github.com/llmite-ai/mirra/internal/proxy/proxy.go:321.38,323.3 1 0
github.com/llmite-ai/mirra/internal/proxy/proxy.go:325.2,325.27 1 0
github.com/llmite-ai/mirra/internal/proxy/proxy.go:325.27,328.3 1 0
github.com/llmite-ai/mirra/main.go:18.13,23.22 3 0
github.com/llmite-ai/mirra/main.go:23.22,26.3 2 0
github.com/llmite-ai/mirra/main.go:28.2,31.17 3 0
github.com/llmite-ai/mirra/main.go:32.15,33.21 1 0
github.com/llmite-ai/mirra/main.go:34.16,35.47 1 0
github.com/llmite-ai/mirra/main.go:35.47,38.4 2 0
github.com/llmite-ai/mirra/main.go:39.15,40.46 1 0
github.com/llmite-ai/mirra/main.go:40.46,43.4 2 0
github.com/llmite-ai/mirra/main.go:44.14,45.45 1 0
github.com/llmite-ai/mirra/main.go:45.45,48.4 2 0
github.com/llmite-ai/mirra/main.go:49.30,50.15 1 0
github.com/llmite-ai/mirra/main.go:51.10,54.13 3 0
github.com/llmite-ai/mirra/main.go:58.34,63.39 4 0
github.com/llmite-ai/mirra/main.go:63.39,66.3 2 0
github.com/llmite-ai/mirra/main.go:68.2,69.16 2 0
github.com/llmite-ai/mirra/main.go:69.16,72.3 2 0
github.com/llmite-ai/mirra/main.go:74.2,74.16 1 0
github.com/llmite-ai/mirra/main.go:74.16,76.3 1 0
github.com/llmite-ai/mirra/main.go:79.2,90.12 8 0
github.com/llmite-ai/mirra/main.go:90.12,94.3 3 0
github.com/llmite-ai/mirra/main.go:96.2,96.39 1 0
github.com/llmite-ai/mirra/main.go:96.39,99.3 2 0
github.com/llmite-ai/mirra/main.go:102.19,119.2 2 0
github.com/llmite-ai/mirra/internal/server/server.go:21.38,29.2 2 0
github.com/llmite-ai/mirra/internal/server/server.go:31.51,45.12 6 0
github.com/llmite-ai/mirra/internal/server/server.go:45.12,48.3 2 0
github.com/llmite-ai/mirra/internal/server/server.go:50.2,50.9 1 0
github.com/llmite-ai/mirra/internal/server/server.go:51.24,52.54 1 0
github.com/llmite-ai/mirra/internal/server/server.go:52.54,54.4 1 0
github.com/llmite-ai/mirra/internal/server/server.go:55.3,55.13 1 0
github.com/llmite-ai/mirra/internal/server/server.go:56.20,61.51 4 0
github.com/llmite-ai/mirra/internal/server/server.go:61.51,63.4 1 0
github.com/llmite-ai/mirra/internal/server/server.go:65.3,65.44 1 0
github.com/llmite-ai/mirra/internal/server/server.go:65.44,67.4 1 0
github.com/llmite-ai/mirra/internal/server/server.go:69.3,70.13 2 0
github.com/llmite-ai/mirra/internal/server/server.go:74.72,77.2 2 0
github.com/llmite-ai/mirra/internal/logger/logger.go:33.69,39.2 1 0
github.com/llmite-ai/mirra/internal/logger/logger.go:42.75,44.2 1 0
github.com/llmite-ai/mirra/internal/logger/logger.go:47.72,51.38 2 0
github.com/llmite-ai/mirra/internal/logger/logger.go:51.38,53.3 1 0
github.com/llmite-ai/mirra/internal/logger/logger.go:53.8,55.3 1 0
github.com/llmite-ai/mirra/internal/logger/logger.go:57.2,60.12 3 0
github.com/llmite-ai/mirra/internal/logger/logger.go:64.77,67.36 2 0
github.com/llmite-ai/mirra/internal/logger/logger.go:67.36,70.3 2 0
github.com/llmite-ai/mirra/internal/logger/logger.go:75.2,87.40 9 0
github.com/llmite-ai/mirra/internal/logger/logger.go:87.40,92.3 4 0
github.com/llmite-ai/mirra/internal/logger/logger.go:95.2,95.52 1 0
github.com/llmite-ai/mirra/internal/logger/logger.go:95.52,96.19 1 0
github.com/llmite-ai/mirra/internal/logger/logger.go:97.17,100.29 3 0
github.com/llmite-ai/mirra/internal/logger/logger.go:101.17,104.29 3 0
github.com/llmite-ai/mirra/internal/logger/logger.go:105.17,108.29 3 0
github.com/llmite-ai/mirra/internal/logger/logger.go:109.11,110.27 1 0
github.com/llmite-ai/mirra/internal/logger/logger.go:112.3,112.21 1 0
github.com/llmite-ai/mirra/internal/logger/logger.go:116.2,116.56 1 0
github.com/llmite-ai/mirra/internal/logger/logger.go:116.56,119.3 2 0
github.com/llmite-ai/mirra/internal/logger/logger.go:122.2,123.40 2 0
github.com/llmite-ai/mirra/internal/logger/logger.go:123.40,125.3 1 0
github.com/llmite-ai/mirra/internal/logger/logger.go:125.8,125.49 1 0
github.com/llmite-ai/mirra/internal/logger/logger.go:125.49,127.3 1 0
github.com/llmite-ai/mirra/internal/logger/logger.go:129.2,129.16 1 0
github.com/llmite-ai/mirra/internal/logger/logger.go:129.16,131.20 2 0
github.com/llmite-ai/mirra/internal/logger/logger.go:131.20,133.4 1 0
github.com/llmite-ai/mirra/internal/logger/logger.go:133.9,133.27 1 0
github.com/llmite-ai/mirra/internal/logger/logger.go:133.27,135.4 1 0
github.com/llmite-ai/mirra/internal/logger/logger.go:135.9,135.27 1 0
github.com/llmite-ai/mirra/internal/logger/logger.go:135.27,137.4 1 0
github.com/llmite-ai/mirra/internal/logger/logger.go:139.3,142.21 4 0
github.com/llmite-ai/mirra/internal/logger/logger.go:146.2,146.44 1 0
github.com/llmite-ai/mirra/internal/logger/logger.go:146.44,150.3 3 0
github.com/llmite-ai/mirra/internal/logger/logger.go:154.78,172.31 11 0
github.com/llmite-ai/mirra/internal/logger/logger.go:172.31,175.3 2 0
github.com/llmite-ai/mirra/internal/logger/logger.go:178.2,178.36 1 0
github.com/llmite-ai/mirra/internal/logger/logger.go:178.36,182.3 3 0
github.com/llmite-ai/mirra/internal/logger/logger.go:186.57,187.15 1 0
github.com/llmite-ai/mirra/internal/logger/logger.go:187.15,189.3 1 0
github.com/llmite-ai/mirra/internal/logger/logger.go:190.2,191.18 2 0
github.com/llmite-ai/mirra/internal/logger/logger.go:191.18,193.3 1 0
github.com/llmite-ai/mirra/internal/logger/logger.go:194.2,196.59 3 0
github.com/llmite-ai/mirra/internal/logger/logger.go:200.67,210.2 4 0
github.com/llmite-ai/mirra/internal/logger/logger.go:213.61,220.2 1 0
github.com/llmite-ai/mirra/internal/logger/logger.go:223.62,224.15 1 0
github.com/llmite-ai/mirra/internal/logger/logger.go:225.23,226.46 1 0
github.com/llmite-ai/mirra/internal/logger/logger.go:227.22,228.45 1 0
github.com/llmite-ai/mirra/internal/logger/logger.go:229.22,230.47 1 0
github.com/llmite-ai/mirra/internal/logger/logger.go:231.23,232.45 1 0
github.com/llmite-ai/mirra/internal/logger/logger.go:233.10,234.45 1 0
github.com/llmite-ai/mirra/internal/logger/logger.go:239.72,250.20 7 0
github.com/llmite-ai/mirra/internal/logger/logger.go:251.23,252.37 1 0
github.com/llmite-ai/mirra/internal/logger/logger.go:253.22,254.36 1 0
github.com/llmite-ai/mirra/internal/logger/logger.go:255.23,256.37 1 0
github.com/llmite-ai/mirra/internal/logger/logger.go:257.24,258.40 1 0
github.com/llmite-ai/mirra/internal/logger/logger.go:259.21,260.35 1 0
github.com/llmite-ai/mirra/internal/logger/logger.go:261.25,262.39 1 0
github.com/llmite-ai/mirra/internal/logger/logger.go:263.21,264.56 1 0
github.com/llmite-ai/mirra/internal/logger/logger.go:265.10,266.34 1 0
github.com/llmite-ai/mirra/internal/logger/logger.go:271.64,275.16 3 0
github.com/llmite-ai/mirra/internal/logger/logger.go:276.14,277.74 1 0
github.com/llmite-ai/mirra/internal/logger/logger.go:278.15,279.74 1 0
github.com/llmite-ai/mirra/internal/logger/logger.go:280.16,281.42 1 0
github.com/llmite-ai/mirra/internal/logger/logger.go:282.10,283.42 1 0
github.com/llmite-ai/mirra/internal/logger/logger.go:286.2,286.26 1 0
github.com/llmite-ai/mirra/internal/logger/logger.go:290.42,291.32 1 0
github.com/llmite-ai/mirra/internal/logger/logger.go:292.15,293.25 1 0
github.com/llmite-ai/mirra/internal/logger/logger.go:294.14,295.24 1 0
github.com/llmite-ai/mirra/internal/logger/logger.go:296.25,297.24 1 0
github.com/llmite-ai/mirra/internal/logger/logger.go:298.15,299.25 1 0
github.com/llmite-ai/mirra/internal/logger/logger.go:300.10,301.24 1 0
github.com/llmite-ai/mirra/internal/testutil/testutil.go:18.45,23.20 4 0
github.com/llmite-ai/mirra/internal/testutil/testutil.go:23.20,25.3 1 0
github.com/llmite-ai/mirra/internal/testutil/testutil.go:27.2,27.21 1 0
github.com/llmite-ai/mirra/internal/testutil/testutil.go:31.65,46.2 8 0
github.com/llmite-ai/mirra/internal/testutil/testutil.go:49.61,57.2 5 0
github.com/llmite-ai/mirra/internal/testutil/testutil.go:60.64,62.2 1 0
github.com/llmite-ai/mirra/internal/testutil/testutil.go:65.78,66.90 1 0
github.com/llmite-ai/mirra/internal/testutil/testutil.go:66.90,70.3 3 0
github.com/llmite-ai/mirra/internal/testutil/testutil.go:74.78,75.90 1 0
github.com/llmite-ai/mirra/internal/testutil/testutil.go:75.90,79.3 3 0
github.com/llmite-ai/mirra/internal/testutil/testutil.go:83.78,84.90 1 0
github.com/llmite-ai/mirra/internal/testutil/testutil.go:84.90,88.3 3 0
github.com/llmite-ai/mirra/internal/testutil/testutil.go:92.60,93.90 1 0
github.com/llmite-ai/mirra/internal/testutil/testutil.go:93.90,99.10 5 0
github.com/llmite-ai/mirra/internal/testutil/testutil.go:99.10,102.4 2 0
github.com/llmite-ai/mirra/internal/testutil/testutil.go:104.3,104.32 1 0
github.com/llmite-ai/mirra/internal/testutil/testutil.go:104.32,107.4 2 0
github.com/llmite-ai/mirra/internal/testutil/testutil.go:112.53,125.2 8 0
github.com/llmite-ai/mirra/internal/testutil/testutil.go:128.55,133.15 4 0
github.com/llmite-ai/mirra/internal/testutil/testutil.go:133.15,135.3 1 0
github.com/llmite-ai/mirra/internal/testutil/testutil.go:137.2,140.21 3 0
github.com/llmite-ai/mirra/internal/testutil/testutil.go:144.115,148.17 3 0
github.com/llmite-ai/mirra/internal/testutil/testutil.go:148.17,152.3 3 0
github.com/llmite-ai/mirra/internal/testutil/testutil.go:154.2,158.17 3 0
github.com/llmite-ai/mirra/internal/testutil/testutil.go:158.17,160.3 1 0
github.com/llmite-ai/mirra/internal/testutil/testutil.go:163.2,163.34 1 0
github.com/llmite-ai/mirra/internal/testutil/testutil.go:163.34,165.3 1 0
github.com/llmite-ai/mirra/internal/testutil/testutil.go:167.2,167.12 1 0
github.com/llmite-ai/mirra/internal/testutil/testutil.go:171.66,181.2 6 0
github.com/llmite-ai/mirra/internal/testutil/testutil.go:184.52,192.2 5 0
github.com/llmite-ai/mirra/internal/testutil/testutil.go:195.64,201.2 4 0
github.com/llmite-ai/mirra/internal/testutil/testutil.go:204.46,210.19 4 0
github.com/llmite-ai/mirra/internal/testutil/testutil.go:210.19,211.13 1 0
github.com/llmite-ai/mirra/internal/testutil/testutil.go:211.13,213.4 1 0
github.com/llmite-ai/mirra/internal/testutil/testutil.go:213.9,215.4 1 0
github.com/llmite-ai/mirra/internal/testutil/testutil.go:220.73,223.31 2 0
github.com/llmite-ai/mirra/internal/testutil/testutil.go:223.31,224.18 1 0
github.com/llmite-ai/mirra/internal/testutil/testutil.go:224.18,226.4 1 0
github.com/llmite-ai/mirra/internal/testutil/testutil.go:230.2,230.45 1 0
github.com/llmite-ai/mirra/internal/recorder/recorder.go:55.47,63.13 2 0
github.com/llmite-ai/mirra/internal/recorder/recorder.go:63.13,64.49 1 0
github.com/llmite-ai/mirra/internal/recorder/recorder.go:64.49,68.4 3 0
github.com/llmite-ai/mirra/internal/recorder/recorder.go:70.3,71.16 2 0
github.com/llmite-ai/mirra/internal/recorder/recorder.go:74.2,74.10 1 0
github.com/llmite-ai/mirra/internal/recorder/recorder.go:77.42,78.16 1 0
github.com/llmite-ai/mirra/internal/recorder/recorder.go:78.16,80.3 1 0
github.com/llmite-ai/mirra/internal/recorder/recorder.go:82.2,82.9 1 0
github.com/llmite-ai/mirra/internal/recorder/recorder.go:83.27,83.27 0 0
github.com/llmite-ai/mirra/internal/recorder/recorder.go:84.10,85.72 1 0
github.com/llmite-ai/mirra/internal/recorder/recorder.go:89.29,92.6 2 0
github.com/llmite-ai/mirra/internal/recorder/recorder.go:92.6,93.10 1 0
github.com/llmite-ai/mirra/internal/recorder/recorder.go:94.30,95.48 1 0
github.com/llmite-ai/mirra/internal/recorder/recorder.go:95.48,97.5 1 0
github.com/llmite-ai/mirra/internal/recorder/recorder.go:98.21,100.8 1 0
github.com/llmite-ai/mirra/internal/recorder/recorder.go:100.8,101.12 1 0
github.com/llmite-ai/mirra/internal/recorder/recorder.go:102.32,103.50 1 0
github.com/llmite-ai/mirra/internal/recorder/recorder.go:103.50,105.7 1 0
github.com/llmite-ai/mirra/internal/recorder/recorder.go:106.13,107.12 1 0
github.com/llmite-ai/mirra/internal/recorder/recorder.go:114.56,122.16 6 0
github.com/llmite-ai/mirra/internal/recorder/recorder.go:122.16,124.3 1 0
github.com/llmite-ai/mirra/internal/recorder/recorder.go:125.2,125.15 1 0
github.com/llmite-ai/mirra/internal/recorder/recorder.go:125.15,127.3 1 0
github.com/llmite-ai/mirra/internal/recorder/recorder.go:129.2,130.16 2 0
github.com/llmite-ai/mirra/internal/recorder/recorder.go:130.16,132.3 1 0
github.com/llmite-ai/mirra/internal/recorder/recorder.go:134.2,134.55 1 0
github.com/llmite-ai/mirra/internal/recorder/recorder.go:134.55,136.3 1 0
github.com/llmite-ai/mirra/internal/recorder/recorder.go:138.2,138.12 1 0
github.com/llmite-ai/mirra/internal/recorder/recorder.go:141.34,142.16 1 0
github.com/llmite-ai/mirra/internal/recorder/recorder.go:142.16,144.3 1 0
github.com/llmite-ai/mirra/internal/recorder/recorder.go:146.2,148.12 3 0
github.com/llmite-ai/mirra/internal/recorder/recorder.go:151.88,169.2 1 0
github.com/llmite-ai/mirra/internal/commands/export.go:17.34,25.39 7 0
github.com/llmite-ai/mirra/internal/commands/export.go:25.39,27.3 1 0
github.com/llmite-ai/mirra/internal/commands/export.go:29.2,32.17 3 0
github.com/llmite-ai/mirra/internal/commands/export.go:32.17,34.17 2 0
github.com/llmite-ai/mirra/internal/commands/export.go:34.17,36.4 1 0
github.com/llmite-ai/mirra/internal/commands/export.go:39.2,39.15 1 0
github.com/llmite-ai/mirra/internal/commands/export.go:39.15,41.17 2 0
github.com/llmite-ai/mirra/internal/commands/export.go:41.17,43.4 1 0
github.com/llmite-ai/mirra/internal/commands/export.go:44.3,44.38 1 0
github.com/llmite-ai/mirra/internal/commands/export.go:45.8,47.3 1 0
github.com/llmite-ai/mirra/internal/commands/export.go:50.2,52.16 3 0
github.com/llmite-ai/mirra/internal/commands/export.go:52.16,54.3 1 0
github.com/llmite-ai/mirra/internal/commands/export.go:56.2,56.21 1 0
github.com/llmite-ai/mirra/internal/commands/export.go:56.21,58.3 1 0
github.com/llmite-ai/mirra/internal/commands/export.go:61.2,62.16 2 0
github.com/llmite-ai/mirra/internal/commands/export.go:62.16,64.3 1 0
github.com/llmite-ai/mirra/internal/commands/export.go:65.2,65.15 1 0
github.com/llmite-ai/mirra/internal/commands/export.go:65.15,66.41 1 0
github.com/llmite-ai/mirra/internal/commands/export.go:66.41,68.4 1 0
github.com/llmite-ai/mirra/internal/commands/export.go:71.2,74.29 2 0
github.com/llmite-ai/mirra/internal/commands/export.go:74.29,81.17 5 0
github.com/llmite-ai/mirra/internal/commands/export.go:81.17,82.12 1 0
github.com/llmite-ai/mirra/internal/commands/export.go:86.3,86.47 1 0
github.com/llmite-ai/mirra/internal/commands/export.go:86.47,87.12 1 0
github.com/llmite-ai/mirra/internal/commands/export.go:89.3,89.29 1 0
github.com/llmite-ai/mirra/internal/commands/export.go:89.29,90.12 1 0
github.com/llmite-ai/mirra/internal/commands/export.go:94.3,95.17 2 0
github.com/llmite-ai/mirra/internal/commands/export.go:95.17,96.12 1 0
github.com/llmite-ai/mirra/internal/commands/export.go:99.3,105.22 5 0
github.com/llmite-ai/mirra/internal/commands/export.go:105.22,107.64 2 0
github.com/llmite-ai/mirra/internal/commands/export.go:107.64,108.13 1 0
github.com/llmite-ai/mirra/internal/commands/export.go:112.4,112.52 1 0
github.com/llmite-ai/mirra/internal/commands/export.go:112.52,113.13 1 0
github.com/llmite-ai/mirra/internal/commands/export.go:116.4,116.53 1 0
github.com/llmite-ai/mirra/internal/commands/export.go:116.53,117.13 1 0
github.com/llmite-ai/mirra/internal/commands/export.go:119.4,119.35 1 0
github.com/llmite-ai/mirra/internal/commands/export.go:119.35,120.13 1 0
github.com/llmite-ai/mirra/internal/commands/export.go:124.4,124.60 1 0
github.com/llmite-ai/mirra/internal/commands/export.go:124.60,127.5 2 0
github.com/llmite-ai/mirra/internal/commands/export.go:128.4,128.57 1 0
github.com/llmite-ai/mirra/internal/commands/export.go:128.57,131.5 2 0
github.com/llmite-ai/mirra/internal/commands/export.go:133.4,133.11 1 0
github.com/llmite-ai/mirra/internal/commands/export.go:136.3,136.16 1 0
github.com/llmite-ai/mirra/internal/commands/export.go:139.2,140.12 2 0
github.com/llmite-ai/mirra/internal/commands/stats.go:16.33,22.39 5 0
github.com/llmite-ai/mirra/internal/commands/stats.go:22.39,24.3 1 0
github.com/llmite-ai/mirra/internal/commands/stats.go:26.2,29.17 3 0
github.com/llmite-ai/mirra/internal/commands/stats.go:29.17,31.17 2 0
github.com/llmite-ai/mirra/internal/commands/stats.go:31.17,33.4 1 0
github.com/llmite-ai/mirra/internal/commands/stats.go:37.2,39.16 3 0
github.com/llmite-ai/mirra/internal/commands/stats.go:39.16,41.3 1 0
github.com/llmite-ai/mirra/internal/commands/stats.go:43.2,43.21 1 0
github.com/llmite-ai/mirra/internal/commands/stats.go:43.21,45.3 1 0
github.com/llmite-ai/mirra/internal/commands/stats.go:47.2,52.29 2 0
github.com/llmite-ai/mirra/internal/commands/stats.go:52.29,59.17 5 0
github.com/llmite-ai/mirra/internal/commands/stats.go:59.17,60.12 1 0
github.com/llmite-ai/mirra/internal/commands/stats.go:64.3,64.47 1 0
github.com/llmite-ai/mirra/internal/commands/stats.go:64.47,65.12 1 0
github.com/llmite-ai/mirra/internal/commands/stats.go:69.3,70.17 2 0
github.com/llmite-ai/mirra/internal/commands/stats.go:70.17,71.12 1 0
github.com/llmite-ai/mirra/internal/commands/stats.go:74.3,80.22 5 0
github.com/llmite-ai/mirra/internal/commands/stats.go:80.22,82.64 2 0
github.com/llmite-ai/mirra/internal/commands/stats.go:82.64,83.13 1 0
github.com/llmite-ai/mirra/internal/commands/stats.go:87.4,87.52 1 0
github.com/llmite-ai/mirra/internal/commands/stats.go:87.52,88.13 1 0
github.com/llmite-ai/mirra/internal/commands/stats.go:91.4,91.53 1 0
github.com/llmite-ai/mirra/internal/commands/stats.go:91.53,92.13 1 0
github.com/llmite-ai/mirra/internal/commands/stats.go:95.4,95.28 1 0
github.com/llmite-ai/mirra/internal/commands/stats.go:98.3,98.16 1 0
github.com/llmite-ai/mirra/internal/commands/stats.go:101.2,102.12 2 0
github.com/llmite-ai/mirra/internal/commands/stats.go:118.60,122.32 3 0
github.com/llmite-ai/mirra/internal/commands/stats.go:122.32,124.3 1 0
github.com/llmite-ai/mirra/internal/commands/stats.go:126.2,126.39 1 0
github.com/llmite-ai/mirra/internal/commands/stats.go:126.39,128.3 1 0
github.com/llmite-ai/mirra/internal/commands/stats.go:130.2,134.32 4 0
github.com/llmite-ai/mirra/internal/commands/stats.go:134.32,136.3 1 0
github.com/llmite-ai/mirra/internal/commands/stats.go:139.30,143.25 4 0
github.com/llmite-ai/mirra/internal/commands/stats.go:143.25,146.3 2 0
github.com/llmite-ai/mirra/internal/commands/stats.go:148.2,148.44 1 0
github.com/llmite-ai/mirra/internal/commands/stats.go:148.44,152.25 4 0
github.com/llmite-ai/mirra/internal/commands/stats.go:152.25,155.4 2 0
github.com/llmite-ai/mirra/internal/commands/view.go:20.32,24.39 3 0
github.com/llmite-ai/mirra/internal/commands/view.go:24.39,26.3 1 0
github.com/llmite-ai/mirra/internal/commands/view.go:29.2,31.16 3 0
github.com/llmite-ai/mirra/internal/commands/view.go:31.16,33.3 1 0
github.com/llmite-ai/mirra/internal/commands/view.go:35.2,35.21 1 0
github.com/llmite-ai/mirra/internal/commands/view.go:35.21,37.3 1 0
github.com/llmite-ai/mirra/internal/commands/view.go:40.2,40.19 1 0
github.com/llmite-ai/mirra/internal/commands/view.go:40.19,43.17 3 0
github.com/llmite-ai/mirra/internal/commands/view.go:43.17,45.4 1 0
github.com/llmite-ai/mirra/internal/commands/view.go:46.3,47.13 2 0
github.com/llmite-ai/mirra/internal/commands/view.go:50.2,54.29 3 0
github.com/llmite-ai/mirra/internal/commands/view.go:54.29,56.17 2 0
github.com/llmite-ai/mirra/internal/commands/view.go:56.17,57.12 1 0
github.com/llmite-ai/mirra/internal/commands/view.go:60.3,66.22 5 0
github.com/llmite-ai/mirra/internal/commands/view.go:66.22,68.64 2 0
github.com/llmite-ai/mirra/internal/commands/view.go:68.64,69.13 1 0
github.com/llmite-ai/mirra/internal/commands/view.go:73.4,73.108 1 0
github.com/llmite-ai/mirra/internal/commands/view.go:73.108,75.5 1 0
github.com/llmite-ai/mirra/internal/commands/view.go:78.3,78.16 1 0
github.com/llmite-ai/mirra/internal/commands/view.go:81.2,81.23 1 0
github.com/llmite-ai/mirra/internal/commands/view.go:81.23,83.3 1 0
github.com/llmite-ai/mirra/internal/commands/view.go:85.2,85.22 1 0
github.com/llmite-ai/mirra/internal/commands/view.go:85.22,87.29 2 0
github.com/llmite-ai/mirra/internal/commands/view.go:87.29,89.4 1 0
github.com/llmite-ai/mirra/internal/commands/view.go:90.3,90.89 1 0
github.com/llmite-ai/mirra/internal/commands/view.go:93.2,94.12 2 0
github.com/llmite-ai/mirra/internal/commands/view.go:97.69,100.29 2 0
github.com/llmite-ai/mirra/internal/commands/view.go:100.29,102.17 2 0
github.com/llmite-ai/mirra/internal/commands/view.go:102.17,103.12 1 0
github.com/llmite-ai/mirra/internal/commands/view.go:106.3,112.22 5 0
github.com/llmite-ai/mirra/internal/commands/view.go:112.22,114.64 2 0
github.com/llmite-ai/mirra/internal/commands/view.go:114.64,115.13 1 0
github.com/llmite-ai/mirra/internal/commands/view.go:118.4,118.76 1 0
github.com/llmite-ai/mirra/internal/commands/view.go:118.76,121.5 2 0
github.com/llmite-ai/mirra/internal/commands/view.go:124.3,124.16 1 0
github.com/llmite-ai/mirra/internal/commands/view.go:127.2,127.26 1 0
github.com/llmite-ai/mirra/internal/commands/view.go:127.26,129.3 1 0
github.com/llmite-ai/mirra/internal/commands/view.go:131.2,131.27 1 0
github.com/llmite-ai/mirra/internal/commands/view.go:134.46,143.29 8 0
github.com/llmite-ai/mirra/internal/commands/view.go:143.29,145.3 1 0
github.com/llmite-ai/mirra/internal/commands/view.go:147.2,147.34 1 0
github.com/llmite-ai/mirra/internal/commands/view.go:147.34,149.48 2 0
github.com/llmite-ai/mirra/internal/commands/view.go:149.48,150.33 1 0
github.com/llmite-ai/mirra/internal/commands/view.go:150.33,152.53 1 0
github.com/llmite-ai/mirra/internal/commands/view.go:152.53,154.6 1 0
github.com/llmite-ai/mirra/internal/commands/view.go:154.11,156.6 1 0
github.com/llmite-ai/mirra/internal/commands/view.go:161.2,161.29 1 0
github.com/llmite-ai/mirra/internal/commands/view.go:161.29,163.85 2 0
github.com/llmite-ai/mirra/internal/commands/view.go:163.85,165.4 1 0
github.com/llmite-ai/mirra/internal/commands/view.go:165.9,167.4 1 0
github.com/llmite-ai/mirra/internal/commands/view.go:170.2,174.35 4 0
github.com/llmite-ai/mirra/internal/commands/view.go:174.35,176.49 2 0
github.com/llmite-ai/mirra/internal/commands/view.go:176.49,177.33 1 0
github.com/llmite-ai/mirra/internal/commands/view.go:177.33,179.5 1 0
github.com/llmite-ai/mirra/internal/commands/view.go:183.2,183.30 1 0
github.com/llmite-ai/mirra/internal/commands/view.go:183.30,189.29 3 0
github.com/llmite-ai/mirra/internal/commands/view.go:189.29,191.53 1 0
github.com/llmite-ai/mirra/internal/commands/view.go:191.53,192.18 1 0
github.com/llmite-ai/mirra/internal/commands/view.go:192.18,194.6 1 0
github.com/llmite-ai/mirra/internal/commands/view.go:194.11,196.6 1 0
github.com/llmite-ai/mirra/internal/commands/view.go:197.10,199.5 1 0
github.com/llmite-ai/mirra/internal/commands/view.go:200.9,202.66 1 0
github.com/llmite-ai/mirra/internal/commands/view.go:202.66,204.5 1 0
github.com/llmite-ai/mirra/internal/commands/view.go:204.10,204.94 1 0
github.com/llmite-ai/mirra/internal/commands/view.go:204.94,206.5 1 0
github.com/llmite-ai/mirra/internal/commands/view.go:206.10,208.5 1 0
github.com/llmite-ai/mirra/internal/commands/view.go:214.54,219.31 3 0
github.com/llmite-ai/mirra/internal/commands/view.go:219.31,222.22 2 0
github.com/llmite-ai/mirra/internal/commands/view.go:222.22,225.102 2 0
github.com/llmite-ai/mirra/internal/commands/view.go:225.102,227.5 1 0
github.com/llmite-ai/mirra/internal/commands/view.go:227.10,229.5 1 0
github.com/llmite-ai/mirra/internal/commands/view.go:230.9,232.4 1 0
github.com/llmite-ai/mirra/internal/commands/view.go:235.2,235.36 1 0
github.com/llmite-ai/mirra/internal/commands/view.go:239.32,244.29 4 0
github.com/llmite-ai/mirra/internal/commands/view.go:244.29,246.41 1 0
github.com/llmite-ai/mirra/internal/commands/view.go:246.41,248.51 1 0
github.com/llmite-ai/mirra/internal/commands/view.go:248.51,251.5 2 0
github.com/llmite-ai/mirra/internal/commands/view.go:252.4,252.54 1 0
github.com/llmite-ai/mirra/internal/commands/view.go:253.9,253.47 1 0
github.com/llmite-ai/mirra/internal/commands/view.go:253.47,255.29 2 0
github.com/llmite-ai/mirra/internal/commands/view.go:255.29,257.5 1 0
github.com/llmite-ai/mirra/internal/commands/view.go:258.4,258.40 1 0
github.com/llmite-ai/mirra/internal/commands/view.go:259.9,259.71 1 0
github.com/llmite-ai/mirra/internal/commands/view.go:259.71,264.4 3 0
github.com/llmite-ai/mirra/internal/commands/view.go:268.2,268.49 1 0
github.com/llmite-ai/mirra/internal/commands/view.go:268.49,270.3 1 0
github.com/llmite-ai/mirra/internal/commands/view.go:274.44,279.64 3 0
github.com/llmite-ai/mirra/internal/commands/view.go:279.64,280.79 1 0
github.com/llmite-ai/mirra/internal/commands/view.go:280.79,283.4 2 0
github.com/llmite-ai/mirra/internal/commands/view.go:287.2,288.33 2 0
github.com/llmite-ai/mirra/internal/commands/view.go:288.33,290.3 1 0
github.com/llmite-ai/mirra/internal/commands/view.go:294.54,295.54 1 0
github.com/llmite-ai/mirra/internal/commands/view.go:295.54,296.38 1 0
github.com/llmite-ai/mirra/internal/commands/view.go:296.38,297.59 1 0
github.com/llmite-ai/mirra/internal/commands/view.go:297.59,299.5 1 0
github.com/llmite-ai/mirra/internal/commands/view.go:302.2,302.14 1 0
github.com/llmite-ai/mirra/internal/commands/view.go:306.43,310.47 2 0
github.com/llmite-ai/mirra/internal/commands/view.go:310.47,313.17 3 0
github.com/llmite-ai/mirra/internal/commands/view.go:313.17,316.4 2 0
github.com/llmite-ai/mirra/internal/commands/view.go:317.3,317.22 1 0
github.com/llmite-ai/mirra/internal/commands/view.go:318.8,321.3 1 0
github.com/llmite-ai/mirra/internal/commands/view.go:324.2,326.24 3 0
github.com/llmite-ai/mirra/internal/commands/view.go:326.24,328.3 1 0
github.com/llmite-ai/mirra/internal/commands/view.go:329.2,333.16 3 0
github.com/llmite-ai/mirra/internal/commands/view.go:333.16,336.3 2 0
github.com/llmite-ai/mirra/internal/commands/view.go:338.2,341.64 3 0
github.com/llmite-ai/mirra/internal/commands/view.go:341.64,342.77 1 0
github.com/llmite-ai/mirra/internal/commands/view.go:342.77,345.4 2 0
github.com/llmite-ai/mirra/internal/commands/view.go:349.2,349.35 1 0
github.com/llmite-ai/mirra/internal/commands/view.go:353.50,355.16 2 0
github.com/llmite-ai/mirra/internal/commands/view.go:355.16,357.3 1 0
github.com/llmite-ai/mirra/internal/commands/view.go:358.2,358.15 1 0
github.com/llmite-ai/mirra/internal/commands/view.go:358.15,360.3 1 0
github.com/llmite-ai/mirra/internal/commands/view.go:362.2,363.16 2 0
github.com/llmite-ai/mirra/internal/commands/view.go:363.16,365.3 1 0
github.com/llmite-ai/mirra/internal/commands/view.go:367.2,367.26 1 0
